<?xml version="1.0" encoding="UTF-8"?>
<!-- Generated by org.testng.reporters.JUnitReportReporter -->
<testsuite hostname="DESKTOP-U6OTKG8" failures="0" tests="1" name="testCases.TC002_LoginTest" time="1.807" errors="0" timestamp="2024-09-20T12:18:12 IST" skipped="0">
  <testcase classname="testCases.TC002_LoginTest" name="loginTest" time="1.807"/>
  <system-out/>
</testsuite> <!-- testCases.TC002_LoginTest -->
