<?xml version="1.0" encoding="UTF-8"?>
<!-- Generated by org.testng.reporters.JUnitReportReporter -->
<testsuite hostname="DESKTOP-U6OTKG8" failures="0" tests="4" name="testCases.TC003_LoginDDTest" time="52.174" errors="0" timestamp="2024-09-20T12:18:12 IST" skipped="0">
  <testcase classname="testCases.TC003_LoginDDTest" name="loginDataDrivenTest" time="16.465"/>
  <system-out/>
  <testcase classname="testCases.TC003_LoginDDTest" name="loginDataDrivenTest" time="16.572"/>
  <system-out/>
  <testcase classname="testCases.TC003_LoginDDTest" name="loginDataDrivenTest" time="2.725"/>
  <system-out/>
  <testcase classname="testCases.TC003_LoginDDTest" name="loginDataDrivenTest" time="16.412"/>
  <system-out/>
</testsuite> <!-- testCases.TC003_LoginDDTest -->
