<?xml version="1.0" encoding="UTF-8"?>
<!-- Generated by org.testng.reporters.JUnitReportReporter -->
<testsuite hostname="DESKTOP-U6OTKG8" failures="0" tests="1" name="testCases.TC001_RegisterTest" time="9.381" errors="0" timestamp="2024-09-20T12:18:12 IST" skipped="0">
  <testcase classname="testCases.TC001_RegisterTest" name="testNavigateToRegisterPage" time="9.381"/>
  <system-out/>
</testsuite> <!-- testCases.TC001_RegisterTest -->
