<?xml version="1.0" encoding="UTF-8"?>
<!-- Generated by org.testng.reporters.JUnitReportReporter -->
<testsuite hostname="DESKTOP-U6OTKG8" failures="0" tests="1" name="testCases.TC002_LoginTest" time="2.096" errors="0" timestamp="2024-09-20T18:59:37 IST" skipped="0">
  <testcase classname="testCases.TC002_LoginTest" name="loginTest" time="2.096"/>
</testsuite> <!-- testCases.TC002_LoginTest -->
