<?xml version="1.0" encoding="UTF-8"?>
<!-- Generated by org.testng.reporters.JUnitReportReporter -->
<testsuite hostname="DESKTOP-U6OTKG8" failures="0" tests="4" name="testCases.TC003_LoginDDTest" time="52.901" errors="0" timestamp="2024-09-20T18:59:37 IST" skipped="0">
  <testcase classname="testCases.TC003_LoginDDTest" name="loginDataDrivenTest" time="16.341"/>
  <testcase classname="testCases.TC003_LoginDDTest" name="loginDataDrivenTest" time="2.127"/>
  <testcase classname="testCases.TC003_LoginDDTest" name="loginDataDrivenTest" time="16.831"/>
  <testcase classname="testCases.TC003_LoginDDTest" name="loginDataDrivenTest" time="17.602"/>
</testsuite> <!-- testCases.TC003_LoginDDTest -->
